<?xml version="1.0" encoding="UTF-8"?>
<!-- Generated by org.testng.reporters.JUnitReportReporter -->
<testsuite hostname="LAPTOP-0F05VLCN" failures="0" tests="1" name="testNGpack.Demo" time="0.010" errors="0" timestamp="2023-01-20T22:01:39 IST" skipped="0">
  <testcase classname="testNGpack.Demo" name="Demo2" time="0.010"/>
  <system-out>
    <![CDATA[This is Demo2 method!!]]>
  </system-out>
</testsuite> <!-- testNGpack.Demo -->
