<?xml version="1.0" encoding="UTF-8"?>
<!-- Generated by org.testng.reporters.JUnitReportReporter -->
<testsuite hostname="LAPTOP-0F05VLCN" failures="0" tests="3" name="testNGpack.Remo" time="0.001" errors="0" timestamp="2023-01-19T15:13:40 IST" skipped="0">
  <testcase classname="testNGpack.Remo" name="Remo1" time="0.000"/>
  <system-out>
    <![CDATA[this is remo1 method]]>
  </system-out>
  <testcase classname="testNGpack.Remo" name="Remo" time="0.001"/>
  <system-out>
    <![CDATA[This is remo method!!]]>
  </system-out>
  <testcase classname="testNGpack.Remo" name="Remo2" time="0.000"/>
  <system-out>
    <![CDATA[this is remo2 method!!]]>
  </system-out>
</testsuite> <!-- testNGpack.Remo -->
