<?xml version="1.0" encoding="UTF-8"?>
<!-- Generated by org.testng.reporters.JUnitReportReporter -->
<testsuite hostname="LAPTOP-0F05VLCN" failures="0" tests="2" name="testNGPack2.NoAnnotation" time="0.005" errors="0" timestamp="2023-01-20T21:55:03 IST" skipped="0">
  <testcase classname="testNGPack2.NoAnnotation" name="test1" time="0.001"/>
  <system-out>
    <![CDATA[@Test2 Annotation]]>
  </system-out>
  <testcase classname="testNGPack2.NoAnnotation" name="test" time="0.004"/>
  <system-out>
    <![CDATA[@Test Annotation]]>
  </system-out>
</testsuite> <!-- testNGPack2.NoAnnotation -->
