<?xml version="1.0" encoding="UTF-8"?>
<!-- Generated by org.testng.reporters.JUnitReportReporter -->
<testsuite hostname="LAPTOP-0F05VLCN" failures="0" tests="3" name="testNGpack.Sumo" time="0.004" errors="0" timestamp="2023-01-19T15:13:40 IST" skipped="0">
  <testcase classname="testNGpack.Sumo" name="Semo1" time="0.001"/>
  <system-out>
    <![CDATA[this is semo1 method]]>
  </system-out>
  <testcase classname="testNGpack.Sumo" name="Semo2" time="0.002"/>
  <system-out>
    <![CDATA[this is semo2 method!!]]>
  </system-out>
  <testcase classname="testNGpack.Sumo" name="Semo" time="0.001"/>
  <system-out>
    <![CDATA[This is semo method!!]]>
  </system-out>
</testsuite> <!-- testNGpack.Sumo -->
